<?xml version="1.0" encoding="UTF-8"?>
<!-- Generated by org.testng.reporters.JUnitXMLReporter -->
<testsuite ignored="0" hostname="DESKTOP-80945EE" failures="1" tests="2" name="LoginTest" time="43.565" errors="0" timestamp="2023-09-10T23:16:24 IST">
  <testcase classname="TestScenarios.LoginTest" name="Login" time="3.2"/>
  <testcase classname="TestScenarios.LoginTest" name="Login" time="11.439">
    <failure type="java.lang.AssertionError" message="expected [abc Enter your userName and password correct] but found [Enter your userName and password correct]">
      <![CDATA[java.lang.AssertionError: expected [abc Enter your userName and password correct] but found [Enter your userName and password correct]
at TestScenarios.LoginTest.Login(LoginTest.java:81)
at java.base/java.util.ArrayList.forEach(ArrayList.java:1511)
at java.base/java.util.concurrent.FutureTask.run(FutureTask.java:264)
at java.base/java.util.concurrent.ThreadPoolExecutor.runWorker(ThreadPoolExecutor.java:1136)
at java.base/java.util.concurrent.ThreadPoolExecutor$Worker.run(ThreadPoolExecutor.java:635)
at java.base/java.lang.Thread.run(Thread.java:833)
... Removed 24 stack frames]]>
    </failure>
  </testcase> <!-- Login -->
</testsuite> <!-- LoginTest -->
