<?xml version="1.0" encoding="UTF-8"?>
<!-- Generated by org.testng.reporters.JUnitXMLReporter -->
<testsuite ignored="0" hostname="DESKTOP-80945EE" failures="0" tests="3" name="Test" time="42.388" errors="0" timestamp="2023-08-08T23:54:37 IST">
  <testcase classname="TestScenarios.RegisterTest" name="RegWithAllData" time="5.339"/>
  <testcase classname="TestScenarios.LoginTest" name="Login" time="3.254"/>
  <testcase classname="TestScenarios.LoginTest" name="Login" time="13.256"/>
</testsuite> <!-- Test -->
